Command line:
   sim_stack_isim_beh.exe
     -simmode  gui
     -simrunnum  0
     -socket  60100

Sat Apr 30 17:26:26 2022


 Elaboration Time: 0.0625 sec

 Current Memory Usage: 5150.15 Meg

 Total Signals          : 29
 Total Nets             : 142
 Total Signal Drivers   : 14
 Total Blocks           : 5
 Total Primitive Blocks : 4
 Total Processes        : 3
 Total Traceable Variables  : 11
 Total Scalar Nets and Variables : 521
Total Line Count : 65

 Total Simulation Time: 0.09375 sec

 Current Memory Usage: 4992.87 Meg

Sat Apr 30 17:27:37 2022

