Command line:
   stack_isim_beh.exe
     -simmode  gui
     -simrunnum  0
     -socket  59947

Sat Apr 30 16:49:39 2022


 Elaboration Time: 0.046875 sec

 Current Memory Usage: 5150.73 Meg

 Total Signals          : 15
 Total Nets             : 142
 Total Signal Drivers   : 10
 Total Blocks           : 4
 Total Primitive Blocks : 4
 Total Processes        : 1
 Total Traceable Variables  : 10
 Total Scalar Nets and Variables : 520
Total Line Count : 25

 Total Simulation Time: 0.046875 sec

 Current Memory Usage: 5150.73 Meg

Sat Apr 30 16:49:47 2022

